Using pre-set license
Built from '2020.3/staging' branch; Version is '2020.3.6f1 (338bb68529b2) revision 3378102'; Using compiler version '192528614'; Build Type 'Release'
OS: 'Windows 10 Pro; OS build 19041.928; Version 2004; 64bit' Language: 'en' Physical Memory: 32624 MB
BatchMode: 1, IsHumanControllingUs: 0, StartBugReporterOnCrash: 0, Is64bit: 1, IsPro: 0

 COMMAND LINE ARGUMENTS:
C:\Program Files\Unity\2020.3.6f1\Editor\Unity.exe
-adb2
-batchMode
-noUpm
-name
AssetImportWorker0
-projectPath
D:/Unity Saves/Unity Bootcamp/New Project
-logFile
Logs/AssetImportWorker0.log
-srvPort
56006
Successfully changed project path to: D:/Unity Saves/Unity Bootcamp/New Project
D:/Unity Saves/Unity Bootcamp/New Project
Using Asset Import Pipeline V2.
Refreshing native plugins compatible for Editor in 23.41 ms, found 0 plugins.
Preloading 0 native plugins for Editor in 0.00 ms.
Initialize engine version: 2020.3.6f1 (338bb68529b2)
[Subsystems] Discovering subsystems at path C:/Program Files/Unity/2020.3.6f1/Editor/Data/Resources/UnitySubsystems
[Subsystems] Discovering subsystems at path D:/Unity Saves/Unity Bootcamp/New Project/Assets
GfxDevice: creating device client; threaded=0
Direct3D:
    Version:  Direct3D 11.0 [level 11.1]
    Renderer: NVIDIA GeForce RTX 2070 with Max-Q Design (ID=0x1f10)
    Vendor:   
    VRAM:     8031 MB
    Driver:   27.21.14.6231
Initialize mono
Mono path[0] = 'C:/Program Files/Unity/2020.3.6f1/Editor/Data/Managed'
Mono path[1] = 'C:/Program Files/Unity/2020.3.6f1/Editor/Data/MonoBleedingEdge/lib/mono/unityjit'
Mono config path = 'C:/Program Files/Unity/2020.3.6f1/Editor/Data/MonoBleedingEdge/etc'
Using monoOptions --debugger-agent=transport=dt_socket,embedding=1,server=y,suspend=n,address=127.0.0.1:56024
Begin MonoManager ReloadAssembly
Registering precompiled unity dll's ...
Register platform support module: C:/Program Files/Unity/2020.3.6f1/Editor/Data/PlaybackEngines/WindowsStandaloneSupport/UnityEditor.WindowsStandalone.Extensions.dll
Registered in 0.001949 seconds.
Native extension for WindowsStandalone target not found
Refreshing native plugins compatible for Editor in 22.98 ms, found 0 plugins.
Preloading 0 native plugins for Editor in 0.00 ms.
Mono: successfully reloaded assembly
- Completed reload, in  1.886 seconds
Platform modules already initialized, skipping
Registering precompiled user dll's ...
Registered in 0.000496 seconds.
Begin MonoManager ReloadAssembly
Native extension for WindowsStandalone target not found
Refreshing native plugins compatible for Editor in 0.19 ms, found 0 plugins.
Preloading 0 native plugins for Editor in 0.00 ms.
Mono: successfully reloaded assembly
- Completed reload, in  0.943 seconds
Platform modules already initialized, skipping
========================================================================
Worker process is ready to serve import requests
Launched and connected shader compiler UnityShaderCompiler.exe after 0.07 seconds
Refreshing native plugins compatible for Editor in 0.19 ms, found 0 plugins.
Preloading 0 native plugins for Editor in 0.00 ms.
Unloading 1115 Unused Serialized files (Serialized files now loaded: 0)
System memory in use before: 57.1 MB.
System memory in use after: 57.1 MB.

Unloading 10 unused Assets to reduce memory usage. Loaded Objects now: 1557.
Total: 1.800500 ms (FindLiveObjects: 0.140800 ms CreateObjectMapping: 0.037100 ms MarkObjects: 1.546700 ms  DeleteObjects: 0.074900 ms)

========================================================================
Received Import Request.
  path: Assets/Scenes
  artifactKey: Guid(a161b6139a0e9e84b9f6329b7efee93e) Importer(815301076,1909f56bfc062723c751e8b465ee728b)
Start importing Assets/Scenes using Guid(a161b6139a0e9e84b9f6329b7efee93e) Importer(815301076,1909f56bfc062723c751e8b465ee728b)  -> (artifact id: '93bc0ada5c8f8ab2e5d9085fff567026') in 0.009622 seconds
  Import took 0.012528 seconds .

========================================================================
Received Import Request.
  Time since last request: 0.576953 seconds.
  path: Assets
  artifactKey: Guid(00000000000000001000000000000000) Importer(815301076,1909f56bfc062723c751e8b465ee728b)
Start importing Assets using Guid(00000000000000001000000000000000) Importer(815301076,1909f56bfc062723c751e8b465ee728b)  -> (artifact id: '2c602d4445bd9e0e517b9a7c882a2249') in 0.006268 seconds
  Import took 0.008512 seconds .

========================================================================
Received Import Request.
  Time since last request: 75.511034 seconds.
  path: Assets/Scenes/CubeStaging.unity
  artifactKey: Guid(8ba34d0a56599b04c99743b72270fb72) Importer(815301076,1909f56bfc062723c751e8b465ee728b)
Start importing Assets/Scenes/CubeStaging.unity using Guid(8ba34d0a56599b04c99743b72270fb72) Importer(815301076,1909f56bfc062723c751e8b465ee728b)  -> (artifact id: 'f67fc9a705871c1f82187811acf4e3b7') in 0.020266 seconds
  Import took 0.023144 seconds .

========================================================================
Received Import Request.
  Time since last request: 0.000971 seconds.
  path: Assets/Scenes/CubeStaging.unity
  artifactKey: Guid(8ba34d0a56599b04c99743b72270fb72) Importer(815301076,1909f56bfc062723c751e8b465ee728b)
Start importing Assets/Scenes/CubeStaging.unity using Guid(8ba34d0a56599b04c99743b72270fb72) Importer(815301076,1909f56bfc062723c751e8b465ee728b)  -> (artifact id: 'f67fc9a705871c1f82187811acf4e3b7') in 0.001902 seconds
  Import took 0.003981 seconds .

========================================================================
Received Import Request.
  Time since last request: 185.169187 seconds.
  path: Assets/Scenes/New Save.unity
  artifactKey: Guid(e6866b8cf79924549b389ead2574b3a5) Importer(815301076,1909f56bfc062723c751e8b465ee728b)
Start importing Assets/Scenes/New Save.unity using Guid(e6866b8cf79924549b389ead2574b3a5) Importer(815301076,1909f56bfc062723c751e8b465ee728b)  -> (artifact id: '28e544eacfca6ffe38bb71e3f2ebf278') in 0.007284 seconds
  Import took 0.009605 seconds .

========================================================================
Received Import Request.
  Time since last request: 0.000972 seconds.
  path: Assets/Scenes/New Save.unity
  artifactKey: Guid(e6866b8cf79924549b389ead2574b3a5) Importer(815301076,1909f56bfc062723c751e8b465ee728b)
Start importing Assets/Scenes/New Save.unity using Guid(e6866b8cf79924549b389ead2574b3a5) Importer(815301076,1909f56bfc062723c751e8b465ee728b)  -> (artifact id: '28e544eacfca6ffe38bb71e3f2ebf278') in 0.002013 seconds
  Import took 0.003828 seconds .

========================================================================
Received Import Request.
  Time since last request: 27.210172 seconds.
  path: Assets/Scenes/CubeStaging.unity
  artifactKey: Guid(8ba34d0a56599b04c99743b72270fb72) Importer(815301076,1909f56bfc062723c751e8b465ee728b)
Start importing Assets/Scenes/CubeStaging.unity using Guid(8ba34d0a56599b04c99743b72270fb72) Importer(815301076,1909f56bfc062723c751e8b465ee728b)  -> (artifact id: '7c7dc2d6f8dc17ca99889d842bea7c7c') in 0.014818 seconds
  Import took 0.019140 seconds .

========================================================================
Received Import Request.
  Time since last request: 55.958358 seconds.
  path: Assets/saave.unity
  artifactKey: Guid(be13738dc95233b459c85432f229910f) Importer(815301076,1909f56bfc062723c751e8b465ee728b)
Start importing Assets/saave.unity using Guid(be13738dc95233b459c85432f229910f) Importer(815301076,1909f56bfc062723c751e8b465ee728b)  -> (artifact id: '1486907d5f51dcffd4b6311838c8982f') in 0.008497 seconds
  Import took 0.010557 seconds .

========================================================================
Received Import Request.
  Time since last request: 12.789222 seconds.
  path: Assets/CubeStaging.unity
  artifactKey: Guid(8ba34d0a56599b04c99743b72270fb72) Importer(815301076,1909f56bfc062723c751e8b465ee728b)
Start importing Assets/CubeStaging.unity using Guid(8ba34d0a56599b04c99743b72270fb72) Importer(815301076,1909f56bfc062723c751e8b465ee728b)  -> (artifact id: 'de38228d8353579a4fd9e59c53bb95a3') in 0.001785 seconds
  Import took 0.003872 seconds .

========================================================================
Received Import Request.
  Time since last request: 71.443900 seconds.
  path: Assets/Scenes/SampleScene.unity
  artifactKey: Guid(9fc0d4010bbf28b4594072e72b8655ab) Importer(815301076,1909f56bfc062723c751e8b465ee728b)
Start importing Assets/Scenes/SampleScene.unity using Guid(9fc0d4010bbf28b4594072e72b8655ab) Importer(815301076,1909f56bfc062723c751e8b465ee728b)  -> (artifact id: '3106d81e14175b7109796116b50b2db6') in 0.008950 seconds
  Import took 0.012591 seconds .

========================================================================
Received Import Request.
  Time since last request: 28.767984 seconds.
  path: Assets/Scenes/Cube Staging.unity
  artifactKey: Guid(f879e58b901af994895d70acc4b76077) Importer(815301076,1909f56bfc062723c751e8b465ee728b)
Start importing Assets/Scenes/Cube Staging.unity using Guid(f879e58b901af994895d70acc4b76077) Importer(815301076,1909f56bfc062723c751e8b465ee728b)  -> (artifact id: 'a0949d1b5f25e55e42fe86013aabdfc6') in 0.008799 seconds
  Import took 0.012351 seconds .

========================================================================
Received Import Request.
  Time since last request: 0.000498 seconds.
  path: Assets/Scenes/Cube Staging.unity
  artifactKey: Guid(f879e58b901af994895d70acc4b76077) Importer(815301076,1909f56bfc062723c751e8b465ee728b)
Start importing Assets/Scenes/Cube Staging.unity using Guid(f879e58b901af994895d70acc4b76077) Importer(815301076,1909f56bfc062723c751e8b465ee728b)  -> (artifact id: 'a0949d1b5f25e55e42fe86013aabdfc6') in 0.003362 seconds
  Import took 0.006119 seconds .

========================================================================
Received Import Request.
  Time since last request: 30.081308 seconds.
  path: Assets/Scenes/Cube Staging 1.unity
  artifactKey: Guid(fa58b9fb723ecf941acc6d4fa93c0b94) Importer(815301076,1909f56bfc062723c751e8b465ee728b)
Start importing Assets/Scenes/Cube Staging 1.unity using Guid(fa58b9fb723ecf941acc6d4fa93c0b94) Importer(815301076,1909f56bfc062723c751e8b465ee728b)  -> (artifact id: 'caa9f3dd99638aaa0ff10d8ac53474d0') in 0.010180 seconds
  Import took 0.013958 seconds .

========================================================================
Received Import Request.
  Time since last request: 23.406515 seconds.
  path: Assets/Scenes/Cube Movement.unity
  artifactKey: Guid(fa58b9fb723ecf941acc6d4fa93c0b94) Importer(815301076,1909f56bfc062723c751e8b465ee728b)
Start importing Assets/Scenes/Cube Movement.unity using Guid(fa58b9fb723ecf941acc6d4fa93c0b94) Importer(815301076,1909f56bfc062723c751e8b465ee728b)  -> (artifact id: '596f0053c39e567830da92af62c4a429') in 0.009298 seconds
  Import took 0.012051 seconds .

========================================================================
Received Import Request.
  Time since last request: 772.620909 seconds.
  path: ProjectSettings/TagManager.asset
  artifactKey: Guid(00000000000000003000000000000000) Importer(815301076,1909f56bfc062723c751e8b465ee728b)
Start importing ProjectSettings/TagManager.asset using Guid(00000000000000003000000000000000) Importer(815301076,1909f56bfc062723c751e8b465ee728b)  -> (artifact id: '7960a73919d8baa12bca0e2fc225c862') in 0.043914 seconds
  Import took 0.047138 seconds .

========================================================================
Received Import Request.
  Time since last request: 531.440215 seconds.
  path: Assets/Materials
  artifactKey: Guid(0508b76649d5206429f7f55f0e25d317) Importer(815301076,1909f56bfc062723c751e8b465ee728b)
Start importing Assets/Materials using Guid(0508b76649d5206429f7f55f0e25d317) Importer(815301076,1909f56bfc062723c751e8b465ee728b)  -> (artifact id: '35f6e8480d23c16c8943930398409bc1') in 0.009399 seconds
  Import took 0.012492 seconds .

========================================================================
Received Import Request.
  Time since last request: 4.938145 seconds.
  path: Assets/Scripts
  artifactKey: Guid(5b4922c334da5674380a8044a6e5d85e) Importer(815301076,1909f56bfc062723c751e8b465ee728b)
Start importing Assets/Scripts using Guid(5b4922c334da5674380a8044a6e5d85e) Importer(815301076,1909f56bfc062723c751e8b465ee728b)  -> (artifact id: '5fb119b7adcaec007a11e13ad5a76bf2') in 0.008197 seconds
  Import took 0.010681 seconds .

========================================================================
Received Import Request.
  Time since last request: 4.575029 seconds.
  path: Assets/Textures
  artifactKey: Guid(00972f909b7843b43abbbe9386e546d6) Importer(815301076,1909f56bfc062723c751e8b465ee728b)
Start importing Assets/Textures using Guid(00972f909b7843b43abbbe9386e546d6) Importer(815301076,1909f56bfc062723c751e8b465ee728b)  -> (artifact id: 'fa60fc19defca99b779392d7c956e5e6') in 0.009821 seconds
  Import took 0.012322 seconds .

========================================================================
Received Import Request.
  Time since last request: 0.001826 seconds.
  path: Assets/Textures
  artifactKey: Guid(00972f909b7843b43abbbe9386e546d6) Importer(815301076,1909f56bfc062723c751e8b465ee728b)
Start importing Assets/Textures using Guid(00972f909b7843b43abbbe9386e546d6) Importer(815301076,1909f56bfc062723c751e8b465ee728b)  -> (artifact id: 'fa60fc19defca99b779392d7c956e5e6') in 0.001982 seconds
  Import took 0.004393 seconds .

========================================================================
Received Import Request.
  Time since last request: 4.444386 seconds.
  path: Assets/Audio
  artifactKey: Guid(3f8f97588d5bcd24a9e443ee4a2e57a5) Importer(815301076,1909f56bfc062723c751e8b465ee728b)
Start importing Assets/Audio using Guid(3f8f97588d5bcd24a9e443ee4a2e57a5) Importer(815301076,1909f56bfc062723c751e8b465ee728b)  -> (artifact id: '09cf7d52a6ea942a3ed6a615db52595a') in 0.010890 seconds
  Import took 0.013717 seconds .

========================================================================
Received Prepare
Registering precompiled user dll's ...
Registered in 0.000735 seconds.
Begin MonoManager ReloadAssembly
Native extension for WindowsStandalone target not found
Refreshing native plugins compatible for Editor in 0.26 ms, found 0 plugins.
Preloading 0 native plugins for Editor in 0.00 ms.
Mono: successfully reloaded assembly
- Completed reload, in  1.323 seconds
Platform modules already initialized, skipping
Refreshing native plugins compatible for Editor in 0.24 ms, found 0 plugins.
Preloading 0 native plugins for Editor in 0.00 ms.
Unloading 1110 Unused Serialized files (Serialized files now loaded: 0)
System memory in use before: 57.1 MB.
System memory in use after: 57.2 MB.

Unloading 6 unused Assets to reduce memory usage. Loaded Objects now: 1560.
Total: 2.008500 ms (FindLiveObjects: 0.166200 ms CreateObjectMapping: 0.045900 ms MarkObjects: 1.716700 ms  DeleteObjects: 0.077500 ms)

========================================================================
Received Import Request.
  Time since last request: 3217.532586 seconds.
  path: Assets/New Physic Material.physicMaterial
  artifactKey: Guid(2f2ba0a7e9976964aa32b1172f8256df) Importer(815301076,1909f56bfc062723c751e8b465ee728b)
Start importing Assets/New Physic Material.physicMaterial using Guid(2f2ba0a7e9976964aa32b1172f8256df) Importer(815301076,1909f56bfc062723c751e8b465ee728b)  -> (artifact id: '59c7103b96a780dc099a18906372dcea') in 0.025540 seconds
  Import took 0.027888 seconds .

========================================================================
Received Prepare
Registering precompiled user dll's ...
Registered in 0.001162 seconds.
Begin MonoManager ReloadAssembly
Native extension for WindowsStandalone target not found
Refreshing native plugins compatible for Editor in 0.27 ms, found 0 plugins.
Preloading 0 native plugins for Editor in 0.00 ms.
Mono: successfully reloaded assembly
- Completed reload, in  0.962 seconds
Platform modules already initialized, skipping
Refreshing native plugins compatible for Editor in 0.19 ms, found 0 plugins.
Preloading 0 native plugins for Editor in 0.00 ms.
Unloading 1110 Unused Serialized files (Serialized files now loaded: 0)
System memory in use before: 57.1 MB.
System memory in use after: 57.2 MB.

Unloading 5 unused Assets to reduce memory usage. Loaded Objects now: 1563.
Total: 2.636100 ms (FindLiveObjects: 0.164400 ms CreateObjectMapping: 0.045400 ms MarkObjects: 2.344700 ms  DeleteObjects: 0.079300 ms)

========================================================================
Received Prepare
Registering precompiled user dll's ...
Registered in 0.000899 seconds.
Begin MonoManager ReloadAssembly
Native extension for WindowsStandalone target not found
Refreshing native plugins compatible for Editor in 0.40 ms, found 0 plugins.
Preloading 0 native plugins for Editor in 0.00 ms.
Mono: successfully reloaded assembly
- Completed reload, in  0.906 seconds
Platform modules already initialized, skipping
Refreshing native plugins compatible for Editor in 0.19 ms, found 0 plugins.
Preloading 0 native plugins for Editor in 0.00 ms.
Unloading 1110 Unused Serialized files (Serialized files now loaded: 0)
System memory in use before: 57.1 MB.
System memory in use after: 57.2 MB.

Unloading 5 unused Assets to reduce memory usage. Loaded Objects now: 1566.
Total: 1.921900 ms (FindLiveObjects: 0.181500 ms CreateObjectMapping: 0.050900 ms MarkObjects: 1.629600 ms  DeleteObjects: 0.058200 ms)

========================================================================
Received Prepare
Registering precompiled user dll's ...
Registered in 0.000745 seconds.
Begin MonoManager ReloadAssembly
Native extension for WindowsStandalone target not found
Refreshing native plugins compatible for Editor in 0.22 ms, found 0 plugins.
Preloading 0 native plugins for Editor in 0.00 ms.
Mono: successfully reloaded assembly
- Completed reload, in  1.162 seconds
Platform modules already initialized, skipping
Refreshing native plugins compatible for Editor in 0.45 ms, found 0 plugins.
Preloading 0 native plugins for Editor in 0.00 ms.
Unloading 1110 Unused Serialized files (Serialized files now loaded: 0)
System memory in use before: 57.1 MB.
System memory in use after: 57.2 MB.

Unloading 5 unused Assets to reduce memory usage. Loaded Objects now: 1569.
Total: 3.947500 ms (FindLiveObjects: 0.415900 ms CreateObjectMapping: 0.116700 ms MarkObjects: 3.145600 ms  DeleteObjects: 0.264900 ms)

========================================================================
Received Import Request.
  Time since last request: 673.597354 seconds.
  path: Assets/Materials/New Animator Controller.controller
  artifactKey: Guid(63683ebd7c8eaf242822913483f09e3c) Importer(815301076,1909f56bfc062723c751e8b465ee728b)
Start importing Assets/Materials/New Animator Controller.controller using Guid(63683ebd7c8eaf242822913483f09e3c) Importer(815301076,1909f56bfc062723c751e8b465ee728b)  -> (artifact id: '40829cc54060c8ad0144f94389795d7e') in 0.024291 seconds
  Import took 0.026618 seconds .

========================================================================
Received Import Request.
  Time since last request: 1540.898322 seconds.
  path: Assets/Preabs
  artifactKey: Guid(a1eda1c619922fd41b225c6833c2f43c) Importer(815301076,1909f56bfc062723c751e8b465ee728b)
Start importing Assets/Preabs using Guid(a1eda1c619922fd41b225c6833c2f43c) Importer(815301076,1909f56bfc062723c751e8b465ee728b)  -> (artifact id: 'f86fa081bfe1846326e9fa3d53791b61') in 0.011979 seconds
  Import took 0.014511 seconds .

========================================================================
Received Import Request.
  Time since last request: 0.004656 seconds.
  path: Assets/Preabs
  artifactKey: Guid(a1eda1c619922fd41b225c6833c2f43c) Importer(815301076,1909f56bfc062723c751e8b465ee728b)
Start importing Assets/Preabs using Guid(a1eda1c619922fd41b225c6833c2f43c) Importer(815301076,1909f56bfc062723c751e8b465ee728b)  -> (artifact id: 'f86fa081bfe1846326e9fa3d53791b61') in 0.002295 seconds
  Import took 0.006056 seconds .

========================================================================
Received Import Request.
  Time since last request: 3.591062 seconds.
  path: Assets/Prefabs
  artifactKey: Guid(a1eda1c619922fd41b225c6833c2f43c) Importer(815301076,1909f56bfc062723c751e8b465ee728b)
Start importing Assets/Prefabs using Guid(a1eda1c619922fd41b225c6833c2f43c) Importer(815301076,1909f56bfc062723c751e8b465ee728b)  -> (artifact id: 'f1bdd95d691148aff10f3daa6542bfd6') in 0.008446 seconds
  Import took 0.010687 seconds .

========================================================================
Received Import Request.
  Time since last request: 21.340289 seconds.
  path: Assets/Prefabs/Capsule.prefab
  artifactKey: Guid(681b45c3c3822f043889f9d359296b06) Importer(815301076,1909f56bfc062723c751e8b465ee728b)
Start importing Assets/Prefabs/Capsule.prefab using Guid(681b45c3c3822f043889f9d359296b06) Importer(815301076,1909f56bfc062723c751e8b465ee728b)  -> (artifact id: '628d846b9ace13747db9a691e4a4122a') in 0.147863 seconds
  Import took 0.153289 seconds .

========================================================================
Received Import Request.
  Time since last request: 358.248227 seconds.
  path: Assets/Prefabs/Capsule.prefab
  artifactKey: Guid(681b45c3c3822f043889f9d359296b06) Importer(815301076,1909f56bfc062723c751e8b465ee728b)
Start importing Assets/Prefabs/Capsule.prefab using Guid(681b45c3c3822f043889f9d359296b06) Importer(815301076,1909f56bfc062723c751e8b465ee728b)  -> (artifact id: 'cfa29e18458802d42de840c782c81bf2') in 0.020619 seconds
  Import took 0.024626 seconds .

========================================================================
Received Import Request.
  Time since last request: 0.007379 seconds.
  path: Assets/Prefabs/Capsule.prefab
  artifactKey: Guid(681b45c3c3822f043889f9d359296b06) Importer(815301076,1909f56bfc062723c751e8b465ee728b)
Start importing Assets/Prefabs/Capsule.prefab using Guid(681b45c3c3822f043889f9d359296b06) Importer(815301076,1909f56bfc062723c751e8b465ee728b)  -> (artifact id: 'cfa29e18458802d42de840c782c81bf2') in 0.013928 seconds
  Import took 0.018214 seconds .

========================================================================
Received Import Request.
  Time since last request: 20.563796 seconds.
  path: Assets/Prefabs/Capsule.prefab
  artifactKey: Guid(681b45c3c3822f043889f9d359296b06) Importer(815301076,1909f56bfc062723c751e8b465ee728b)
Start importing Assets/Prefabs/Capsule.prefab using Guid(681b45c3c3822f043889f9d359296b06) Importer(815301076,1909f56bfc062723c751e8b465ee728b)  -> (artifact id: '0672e5913fbb1f78b9a30614ae347930') in 0.020585 seconds
  Import took 0.025137 seconds .

========================================================================
Received Import Request.
  Time since last request: 98.026113 seconds.
  path: Assets/Prefabs/Capsule Variant.prefab
  artifactKey: Guid(8504cb071f5798f468fcf51417787c5a) Importer(815301076,1909f56bfc062723c751e8b465ee728b)
Start importing Assets/Prefabs/Capsule Variant.prefab using Guid(8504cb071f5798f468fcf51417787c5a) Importer(815301076,1909f56bfc062723c751e8b465ee728b)  -> (artifact id: 'ed1666612a6efb3bf85a9990ecd13583') in 0.026265 seconds
  Import took 0.029831 seconds .

========================================================================
Received Import Request.
  Time since last request: 0.002793 seconds.
  path: Assets/Prefabs/Capsule Variant.prefab
  artifactKey: Guid(8504cb071f5798f468fcf51417787c5a) Importer(815301076,1909f56bfc062723c751e8b465ee728b)
Start importing Assets/Prefabs/Capsule Variant.prefab using Guid(8504cb071f5798f468fcf51417787c5a) Importer(815301076,1909f56bfc062723c751e8b465ee728b)  -> (artifact id: 'ed1666612a6efb3bf85a9990ecd13583') in 0.013389 seconds
  Import took 0.017872 seconds .

========================================================================
Received Prepare
Registering precompiled user dll's ...
Registered in 0.000791 seconds.
Begin MonoManager ReloadAssembly
Native extension for WindowsStandalone target not found
Refreshing native plugins compatible for Editor in 0.19 ms, found 0 plugins.
Preloading 0 native plugins for Editor in 0.00 ms.
Mono: successfully reloaded assembly
- Completed reload, in  0.763 seconds
Platform modules already initialized, skipping
Refreshing native plugins compatible for Editor in 0.19 ms, found 0 plugins.
Preloading 0 native plugins for Editor in 0.00 ms.
Unloading 1110 Unused Serialized files (Serialized files now loaded: 0)
System memory in use before: 60.4 MB.
System memory in use after: 60.4 MB.

Unloading 6 unused Assets to reduce memory usage. Loaded Objects now: 1581.
Total: 1.723400 ms (FindLiveObjects: 0.224500 ms CreateObjectMapping: 0.034600 ms MarkObjects: 1.402600 ms  DeleteObjects: 0.060000 ms)

========================================================================
Received Import Request.
  Time since last request: 407.972703 seconds.
  path: Assets/Prefabs/Capsule.prefab
  artifactKey: Guid(681b45c3c3822f043889f9d359296b06) Importer(815301076,1909f56bfc062723c751e8b465ee728b)
Start importing Assets/Prefabs/Capsule.prefab using Guid(681b45c3c3822f043889f9d359296b06) Importer(815301076,1909f56bfc062723c751e8b465ee728b)  -> (artifact id: '860c0056f46f641869e2b1f19ced4c40') in 0.070932 seconds
  Import took 0.073179 seconds .

========================================================================
Received Import Request.
  Time since last request: 0.004462 seconds.
  path: Assets/Prefabs/Capsule.prefab
  artifactKey: Guid(681b45c3c3822f043889f9d359296b06) Importer(815301076,1909f56bfc062723c751e8b465ee728b)
Start importing Assets/Prefabs/Capsule.prefab using Guid(681b45c3c3822f043889f9d359296b06) Importer(815301076,1909f56bfc062723c751e8b465ee728b)  -> (artifact id: '860c0056f46f641869e2b1f19ced4c40') in 0.006629 seconds
  Import took 0.008938 seconds .

========================================================================
Received Prepare
Registering precompiled user dll's ...
Registered in 0.001059 seconds.
Begin MonoManager ReloadAssembly
Native extension for WindowsStandalone target not found
Refreshing native plugins compatible for Editor in 0.20 ms, found 0 plugins.
Preloading 0 native plugins for Editor in 0.00 ms.
Mono: successfully reloaded assembly
- Completed reload, in  0.784 seconds
Platform modules already initialized, skipping
Refreshing native plugins compatible for Editor in 0.20 ms, found 0 plugins.
Preloading 0 native plugins for Editor in 0.00 ms.
Unloading 1110 Unused Serialized files (Serialized files now loaded: 0)
System memory in use before: 60.4 MB.
System memory in use after: 60.5 MB.

Unloading 6 unused Assets to reduce memory usage. Loaded Objects now: 1585.
Total: 1.868900 ms (FindLiveObjects: 0.223800 ms CreateObjectMapping: 0.066100 ms MarkObjects: 1.511400 ms  DeleteObjects: 0.065800 ms)

========================================================================
Received Import Request.
  Time since last request: 4251.366673 seconds.
  path: Assets/Animator
  artifactKey: Guid(5768892fb3f0b11498921584c1ec7679) Importer(815301076,1909f56bfc062723c751e8b465ee728b)
Start importing Assets/Animator using Guid(5768892fb3f0b11498921584c1ec7679) Importer(815301076,1909f56bfc062723c751e8b465ee728b)  -> (artifact id: 'c8c9a2f34a998483aa6923f3e17c1c6f') in 0.008061 seconds
  Import took 0.010173 seconds .

========================================================================
Received Import Request.
  Time since last request: 1.835168 seconds.
  path: Assets/New Physic Material.physicMaterial
  artifactKey: Guid(2f2ba0a7e9976964aa32b1172f8256df) Importer(815301076,1909f56bfc062723c751e8b465ee728b)
Start importing Assets/New Physic Material.physicMaterial using Guid(2f2ba0a7e9976964aa32b1172f8256df) Importer(815301076,1909f56bfc062723c751e8b465ee728b)  -> (artifact id: '0056b80281c07cccb50664cf847ae5d8') in 0.009413 seconds
  Import took 0.011330 seconds .

========================================================================
Received Import Request.
  Time since last request: 13.260963 seconds.
  path: Assets/Scenes/AnimationStaging.unity
  artifactKey: Guid(94cd6eb745dac554fbea98b6c78a22a1) Importer(815301076,1909f56bfc062723c751e8b465ee728b)
Start importing Assets/Scenes/AnimationStaging.unity using Guid(94cd6eb745dac554fbea98b6c78a22a1) Importer(815301076,1909f56bfc062723c751e8b465ee728b)  -> (artifact id: 'd24919d6c5d516f490dfd4fbd4747414') in 0.007175 seconds
  Import took 0.009935 seconds .

========================================================================
Received Import Request.
  Time since last request: 417.557315 seconds.
  path: Assets/Scenes/AnimationStaging 1.unity
  artifactKey: Guid(42073306d61bdc34c8ec0078c70b7189) Importer(815301076,1909f56bfc062723c751e8b465ee728b)
Start importing Assets/Scenes/AnimationStaging 1.unity using Guid(42073306d61bdc34c8ec0078c70b7189) Importer(815301076,1909f56bfc062723c751e8b465ee728b)  -> (artifact id: '1b6702828a0d7d0fea64286fefbb2af2') in 0.006293 seconds
  Import took 0.008648 seconds .

========================================================================
Received Import Request.
  Time since last request: 0.001639 seconds.
  path: Assets/Scenes/AnimationStaging 1.unity
  artifactKey: Guid(42073306d61bdc34c8ec0078c70b7189) Importer(815301076,1909f56bfc062723c751e8b465ee728b)
Start importing Assets/Scenes/AnimationStaging 1.unity using Guid(42073306d61bdc34c8ec0078c70b7189) Importer(815301076,1909f56bfc062723c751e8b465ee728b)  -> (artifact id: '1b6702828a0d7d0fea64286fefbb2af2') in 0.002403 seconds
  Import took 0.005117 seconds .

========================================================================
Received Import Request.
  Time since last request: 87.990212 seconds.
  path: Assets/Scenes/Cube Staging.unity
  artifactKey: Guid(f879e58b901af994895d70acc4b76077) Importer(815301076,1909f56bfc062723c751e8b465ee728b)
Start importing Assets/Scenes/Cube Staging.unity using Guid(f879e58b901af994895d70acc4b76077) Importer(815301076,1909f56bfc062723c751e8b465ee728b)  -> (artifact id: '0e2ce1027d768bc82e76c0f2d48757d0') in 0.008897 seconds
  Import took 0.011450 seconds .

========================================================================
Received Import Request.
  Time since last request: 41.383833 seconds.
  path: Assets/Scenes/AnimationStaging.unity
  artifactKey: Guid(94cd6eb745dac554fbea98b6c78a22a1) Importer(815301076,1909f56bfc062723c751e8b465ee728b)
Start importing Assets/Scenes/AnimationStaging.unity using Guid(94cd6eb745dac554fbea98b6c78a22a1) Importer(815301076,1909f56bfc062723c751e8b465ee728b)  -> (artifact id: '9a514f09072359523801ba8472af2967') in 0.001621 seconds
  Import took 0.003528 seconds .

========================================================================
Received Import Request.
  Time since last request: 0.000327 seconds.
  path: Assets/Scenes/AnimationStaging.unity
  artifactKey: Guid(94cd6eb745dac554fbea98b6c78a22a1) Importer(815301076,1909f56bfc062723c751e8b465ee728b)
Start importing Assets/Scenes/AnimationStaging.unity using Guid(94cd6eb745dac554fbea98b6c78a22a1) Importer(815301076,1909f56bfc062723c751e8b465ee728b)  -> (artifact id: '9a514f09072359523801ba8472af2967') in 0.002178 seconds
  Import took 0.004629 seconds .

========================================================================
Received Import Request.
  Time since last request: 7.194984 seconds.
  path: Assets/Scenes/AnimationStaging.unity
  artifactKey: Guid(42073306d61bdc34c8ec0078c70b7189) Importer(815301076,1909f56bfc062723c751e8b465ee728b)
Start importing Assets/Scenes/AnimationStaging.unity using Guid(42073306d61bdc34c8ec0078c70b7189) Importer(815301076,1909f56bfc062723c751e8b465ee728b)  -> (artifact id: '310b382d9d737f101ced145fb24bfe12') in 0.001726 seconds
  Import took 0.003648 seconds .

========================================================================
Received Import Request.
  Time since last request: 12.583903 seconds.
  path: Assets/Scenes/Animation.unity
  artifactKey: Guid(2903b163decbacf44a2b376464fd5f7d) Importer(815301076,1909f56bfc062723c751e8b465ee728b)
Start importing Assets/Scenes/Animation.unity using Guid(2903b163decbacf44a2b376464fd5f7d) Importer(815301076,1909f56bfc062723c751e8b465ee728b)  -> (artifact id: '2567954619bf089ec78774b8f0b30e3c') in 0.007205 seconds
  Import took 0.009690 seconds .

========================================================================
Received Import Request.
  Time since last request: 0.004455 seconds.
  path: Assets/Scenes/Animation.unity
  artifactKey: Guid(2903b163decbacf44a2b376464fd5f7d) Importer(815301076,1909f56bfc062723c751e8b465ee728b)
Start importing Assets/Scenes/Animation.unity using Guid(2903b163decbacf44a2b376464fd5f7d) Importer(815301076,1909f56bfc062723c751e8b465ee728b)  -> (artifact id: '2567954619bf089ec78774b8f0b30e3c') in 0.003762 seconds
  Import took 0.006107 seconds .

========================================================================
Received Import Request.
  Time since last request: 161.734414 seconds.
  path: Assets/Animations
  artifactKey: Guid(5768892fb3f0b11498921584c1ec7679) Importer(815301076,1909f56bfc062723c751e8b465ee728b)
Start importing Assets/Animations using Guid(5768892fb3f0b11498921584c1ec7679) Importer(815301076,1909f56bfc062723c751e8b465ee728b)  -> (artifact id: 'd283fa41f89053c2eddb70276ec5c4a0') in 0.005123 seconds
  Import took 0.007271 seconds .

========================================================================
Received Import Request.
  Time since last request: 7.990913 seconds.
  path: Assets/Anims
  artifactKey: Guid(5768892fb3f0b11498921584c1ec7679) Importer(815301076,1909f56bfc062723c751e8b465ee728b)
Start importing Assets/Anims using Guid(5768892fb3f0b11498921584c1ec7679) Importer(815301076,1909f56bfc062723c751e8b465ee728b)  -> (artifact id: 'cc0761ca9f719b3791c498f5391aa0f6') in 0.007030 seconds
  Import took 0.009244 seconds .

========================================================================
Received Import Request.
  Time since last request: 358.303066 seconds.
  path: Assets/Anims/Move Right.anim
  artifactKey: Guid(b0e4771d33ee1814ea3270fdd7624b56) Importer(815301076,1909f56bfc062723c751e8b465ee728b)
Start importing Assets/Anims/Move Right.anim using Guid(b0e4771d33ee1814ea3270fdd7624b56) Importer(815301076,1909f56bfc062723c751e8b465ee728b)  -> (artifact id: '08bf6a966131dc3c7d9063505f79bf8d') in 0.008994 seconds
  Import took 0.011167 seconds .

========================================================================
Received Import Request.
  Time since last request: 70.586473 seconds.
  path: Assets/Anims/Cube.controller
  artifactKey: Guid(3d3bd14df6c19934890b2ff3e865daf5) Importer(815301076,1909f56bfc062723c751e8b465ee728b)
Start importing Assets/Anims/Cube.controller using Guid(3d3bd14df6c19934890b2ff3e865daf5) Importer(815301076,1909f56bfc062723c751e8b465ee728b)  -> (artifact id: '9eaa0d72368bd4d3b907e4d2b6a70675') in 0.009487 seconds
  Import took 0.011403 seconds .

========================================================================
Received Import Request.
  Time since last request: 723.247398 seconds.
  path: Assets/Anims/Move Left.anim
  artifactKey: Guid(adf4230dddb36404e8e85de566f3e8ad) Importer(815301076,1909f56bfc062723c751e8b465ee728b)
Start importing Assets/Anims/Move Left.anim using Guid(adf4230dddb36404e8e85de566f3e8ad) Importer(815301076,1909f56bfc062723c751e8b465ee728b)  -> (artifact id: '74ebca17360520f9bc20a167285b42d6') in 0.007260 seconds
  Import took 0.010034 seconds .

========================================================================
Received Import Request.
  Time since last request: 0.004037 seconds.
  path: Assets/Anims/Move Left.anim
  artifactKey: Guid(adf4230dddb36404e8e85de566f3e8ad) Importer(815301076,1909f56bfc062723c751e8b465ee728b)
Start importing Assets/Anims/Move Left.anim using Guid(adf4230dddb36404e8e85de566f3e8ad) Importer(815301076,1909f56bfc062723c751e8b465ee728b)  -> (artifact id: '74ebca17360520f9bc20a167285b42d6') in 0.002817 seconds
  Import took 0.004616 seconds .

========================================================================
Received Import Request.
  Time since last request: 843.003367 seconds.
  path: Assets/Anims/CubeController.controller
  artifactKey: Guid(3d3bd14df6c19934890b2ff3e865daf5) Importer(815301076,1909f56bfc062723c751e8b465ee728b)
Start importing Assets/Anims/CubeController.controller using Guid(3d3bd14df6c19934890b2ff3e865daf5) Importer(815301076,1909f56bfc062723c751e8b465ee728b)  -> (artifact id: '80b98067765ac90e13b4b24d1683f63b') in 0.007732 seconds
  Import took 0.010838 seconds .

========================================================================
Received Prepare
Registering precompiled user dll's ...
Registered in 0.001126 seconds.
Begin MonoManager ReloadAssembly
Native extension for WindowsStandalone target not found
Refreshing native plugins compatible for Editor in 0.31 ms, found 0 plugins.
Preloading 0 native plugins for Editor in 0.00 ms.
Mono: successfully reloaded assembly
- Completed reload, in  1.653 seconds
Platform modules already initialized, skipping
Refreshing native plugins compatible for Editor in 0.19 ms, found 0 plugins.
Preloading 0 native plugins for Editor in 0.00 ms.
Unloading 1110 Unused Serialized files (Serialized files now loaded: 0)
System memory in use before: 60.4 MB.
System memory in use after: 60.5 MB.

Unloading 5 unused Assets to reduce memory usage. Loaded Objects now: 1588.
Total: 4.403800 ms (FindLiveObjects: 0.428800 ms CreateObjectMapping: 0.090900 ms MarkObjects: 3.732600 ms  DeleteObjects: 0.148500 ms)

========================================================================
Received Import Request.
  Time since last request: 1641.730621 seconds.
  path: Assets/Scripts/PlayCubeAnimation.cs
  artifactKey: Guid(4cb15ac44ba99b04f95a3f61943889a3) Importer(815301076,1909f56bfc062723c751e8b465ee728b)
Start importing Assets/Scripts/PlayCubeAnimation.cs using Guid(4cb15ac44ba99b04f95a3f61943889a3) Importer(815301076,1909f56bfc062723c751e8b465ee728b)  -> (artifact id: '676650805667729eddf4fffd310b7d6e') in 0.025421 seconds
  Import took 0.031420 seconds .

========================================================================
Received Import Request.
  Time since last request: 0.005996 seconds.
  path: Assets/Scripts/PlayCubeAnimation.cs
  artifactKey: Guid(4cb15ac44ba99b04f95a3f61943889a3) Importer(815301076,1909f56bfc062723c751e8b465ee728b)
Start importing Assets/Scripts/PlayCubeAnimation.cs using Guid(4cb15ac44ba99b04f95a3f61943889a3) Importer(815301076,1909f56bfc062723c751e8b465ee728b)  -> (artifact id: '676650805667729eddf4fffd310b7d6e') in 0.002821 seconds
  Import took 0.007895 seconds .

========================================================================
Received Prepare
Registering precompiled user dll's ...
Registered in 0.000789 seconds.
Begin MonoManager ReloadAssembly
Native extension for WindowsStandalone target not found
Refreshing native plugins compatible for Editor in 0.84 ms, found 0 plugins.
Preloading 0 native plugins for Editor in 0.00 ms.
Mono: successfully reloaded assembly
- Completed reload, in  1.759 seconds
Platform modules already initialized, skipping
Refreshing native plugins compatible for Editor in 0.50 ms, found 0 plugins.
Preloading 0 native plugins for Editor in 0.00 ms.
Unloading 1111 Unused Serialized files (Serialized files now loaded: 0)
System memory in use before: 60.5 MB.
System memory in use after: 60.5 MB.

Unloading 5 unused Assets to reduce memory usage. Loaded Objects now: 1592.
Total: 3.912100 ms (FindLiveObjects: 0.199000 ms CreateObjectMapping: 0.076400 ms MarkObjects: 3.542900 ms  DeleteObjects: 0.091700 ms)

========================================================================
Received Prepare
Registering precompiled user dll's ...
Registered in 0.001343 seconds.
Begin MonoManager ReloadAssembly
Native extension for WindowsStandalone target not found
Refreshing native plugins compatible for Editor in 0.30 ms, found 0 plugins.
Preloading 0 native plugins for Editor in 0.00 ms.
Mono: successfully reloaded assembly
- Completed reload, in  1.832 seconds
Platform modules already initialized, skipping
Refreshing native plugins compatible for Editor in 0.52 ms, found 0 plugins.
Preloading 0 native plugins for Editor in 0.00 ms.
Unloading 1111 Unused Serialized files (Serialized files now loaded: 0)
System memory in use before: 60.5 MB.
System memory in use after: 60.5 MB.

Unloading 5 unused Assets to reduce memory usage. Loaded Objects now: 1595.
Total: 4.132800 ms (FindLiveObjects: 0.403700 ms CreateObjectMapping: 0.063300 ms MarkObjects: 3.543400 ms  DeleteObjects: 0.119900 ms)

